Arguments: 
  /usr/local/bin/node /Users/jonashals/.yarn/bin/yarn.js add --dev @types/dwolla-v2

PATH: 
  /Users/jonashals/.yarn/bin:/Users/jonashals/.config/yarn/global/node_modules/.bin:/usr/local/opt/qt/bin:/Users/jonashals/Downloads/google-cloud-sdk/bin:/Users/jonashals/.local/bin:/Users/jonashals/Library/Python/2.7/bin:/Library/Frameworks/Python.framework/Versions/2.7/bin:/Applications/MAMP/bin/php/php7.1.6/bin:/usr/local/bin:/usr/bin:/bin:/usr/sbin:/sbin:/usr/local/go/bin:/usr/local/MacGPG2/bin:/Library/Frameworks/Mono.framework/Versions/Current/Commands

Yarn version: 
  1.17.3

Node version: 
  11.12.0

Platform: 
  darwin x64

Trace: 
  Error: https://registry.yarnpkg.com/@types%2fdwolla-v2: Not found
      at Request.params.callback [as _callback] (/Users/jonashals/.yarn/lib/cli.js:66830:18)
      at Request.self.callback (/Users/jonashals/.yarn/lib/cli.js:140464:22)
      at Request.emit (events.js:197:13)
      at Request.<anonymous> (/Users/jonashals/.yarn/lib/cli.js:141436:10)
      at Request.emit (events.js:197:13)
      at IncomingMessage.<anonymous> (/Users/jonashals/.yarn/lib/cli.js:141358:12)
      at Object.onceWrapper (events.js:285:20)
      at IncomingMessage.emit (events.js:202:15)
      at endReadableNT (_stream_readable.js:1132:12)
      at processTicksAndRejections (internal/process/next_tick.js:76:17)

npm manifest: 
  {
    "name": "dwolla-adapter",
    "version": "1.0.0",
    "main": "./dist/index.js",
    "author": "Jonas Hals <contact@jonashals.me>",
    "license": "MIT",
    "dependencies": {
      "@types/node": "^12.7.4",
      "dwolla-v2": "^3.0.3"
    }
  }

yarn manifest: 
  No manifest

Lockfile: 
  # THIS IS AN AUTOGENERATED FILE. DO NOT EDIT THIS FILE DIRECTLY.
  # yarn lockfile v1
  
  
  "@types/node@^12.7.4":
    version "12.7.4"
    resolved "https://registry.yarnpkg.com/@types/node/-/node-12.7.4.tgz#64db61e0359eb5a8d99b55e05c729f130a678b04"
    integrity sha512-W0+n1Y+gK/8G2P/piTkBBN38Qc5Q1ZSO6B5H3QmPCUewaiXOo2GCAWZ4ElZCcNhjJuBSUSLGFUJnmlCn5+nxOQ==
  
  bluebird@^3.5.1:
    version "3.5.5"
    resolved "https://registry.yarnpkg.com/bluebird/-/bluebird-3.5.5.tgz#a8d0afd73251effbbd5fe384a77d73003c17a71f"
    integrity sha512-5am6HnnfN+urzt4yfg7IgTbotDjIT/u8AJpEt0sIU9FtXfVeezXAPKswrG+xKUCOYAINpSdgZVDU6QFh+cuH3w==
  
  dwolla-v2@^3.0.3:
    version "3.0.3"
    resolved "https://registry.yarnpkg.com/dwolla-v2/-/dwolla-v2-3.0.3.tgz#da8975973e314deaa5f0099e8de8295841737061"
    integrity sha512-isaKJGh47A28Jc0XDsvUicnqHJ5/HnpQ/GsKjMMPhh2Gxumrzc3lK+l9v+XMrBwNWRDWDV5h1OSExabbJCG3UQ==
    dependencies:
      bluebird "^3.5.1"
      form-urlencoded "^3.0.1"
      invariant "^2.2.4"
      is-stream "^1.1.0"
      lodash "^4.17.14"
      node-fetch "^2.2.0"
  
  form-urlencoded@^3.0.1:
    version "3.0.2"
    resolved "https://registry.yarnpkg.com/form-urlencoded/-/form-urlencoded-3.0.2.tgz#28181fabc31b263662d6fc9c2e9700af35b2a860"
    integrity sha512-FurPsZ7yfmbX+Vl9ibn/PK5EkeScj/inKtCqx9vc9EOlzh6p6VhanfeIjtDk/kCGrWVbCVW8M3GA7zX3udmgHw==
  
  invariant@^2.2.4:
    version "2.2.4"
    resolved "https://registry.yarnpkg.com/invariant/-/invariant-2.2.4.tgz#610f3c92c9359ce1db616e538008d23ff35158e6"
    integrity sha512-phJfQVBuaJM5raOpJjSfkiD6BpbCE4Ns//LaXl6wGYtUBY83nWS6Rf9tXm2e8VaK60JEjYldbPif/A2B1C2gNA==
    dependencies:
      loose-envify "^1.0.0"
  
  is-stream@^1.1.0:
    version "1.1.0"
    resolved "https://registry.yarnpkg.com/is-stream/-/is-stream-1.1.0.tgz#12d4a3dd4e68e0b79ceb8dbc84173ae80d91ca44"
    integrity sha1-EtSj3U5o4Lec6428hBc66A2RykQ=
  
  "js-tokens@^3.0.0 || ^4.0.0":
    version "4.0.0"
    resolved "https://registry.yarnpkg.com/js-tokens/-/js-tokens-4.0.0.tgz#19203fb59991df98e3a287050d4647cdeaf32499"
    integrity sha512-RdJUflcE3cUzKiMqQgsCu06FPu9UdIJO0beYbPhHN4k6apgJtifcoCtT9bcxOpYBtpD2kCM6Sbzg4CausW/PKQ==
  
  lodash@^4.17.14:
    version "4.17.15"
    resolved "https://registry.yarnpkg.com/lodash/-/lodash-4.17.15.tgz#b447f6670a0455bbfeedd11392eff330ea097548"
    integrity sha512-8xOcRHvCjnocdS5cpwXQXVzmmh5e5+saE2QGoeQmbKmRS6J3VQppPOIt0MnmE+4xlZoumy0GPG0D0MVIQbNA1A==
  
  loose-envify@^1.0.0:
    version "1.4.0"
    resolved "https://registry.yarnpkg.com/loose-envify/-/loose-envify-1.4.0.tgz#71ee51fa7be4caec1a63839f7e682d8132d30caf"
    integrity sha512-lyuxPGr/Wfhrlem2CL/UcnUc1zcqKAImBDzukY7Y5F/yQiNdko6+fRLevlw1HgMySw7f611UIY408EtxRSoK3Q==
    dependencies:
      js-tokens "^3.0.0 || ^4.0.0"
  
  node-fetch@^2.2.0:
    version "2.6.0"
    resolved "https://registry.yarnpkg.com/node-fetch/-/node-fetch-2.6.0.tgz#e633456386d4aa55863f676a7ab0daa8fdecb0fd"
    integrity sha512-8dG4H5ujfvFiqDmVu9fQ5bOHUC15JMjMY/Zumv26oOvvVJjM67KF8koCWIabKQ1GJIa9r2mMZscBq/TbdOcmNA==
